This is pdfTeX, Version 3.1415926-1.40.11 (MiKTeX 2.9) (preloaded format=latex 2012.1.4)  10 JAN 2012 09:26
entering extended mode
**pomegranate.tex
(E:\phd-macan\paper-atc12\pomegranate.tex
LaTeX2e <2009/09/24>
Babel <v3.8l> and hyphenation patterns for loaded.
(E:\phd-macan\paper-atc12\usetex-v1.cls
Document Class: usetex-v1 2002/10/31 v1.2 usetex Usenix article class
(d:\CTEX\MiKTeX\tex\latex\base\article.cls
Document Class: article 2007/10/19 v1.4h Standard LaTeX document class
(d:\CTEX\MiKTeX\tex\latex\base\size10.clo
File: size10.clo 2007/10/19 v1.4h Standard LaTeX file (size option)
)
\c@part=\count79
\c@section=\count80
\c@subsection=\count81
\c@subsubsection=\count82
\c@paragraph=\count83
\c@subparagraph=\count84
\c@figure=\count85
\c@table=\count86
\abovecaptionskip=\skip41
\belowcaptionskip=\skip42
\bibindent=\dimen102
)
\@discard=\box26

(d:\CTEX\MiKTeX\tex\latex\psnfss\times.sty
Package: times 2005/04/12 PSNFSS-v9.2a (SPQR) 
)
\@sectionaboveskip=\skip43
\@sectionbelowskip=\skip44
\@subsectionaboveskip=\skip45
)
(d:\CTEX\MiKTeX\tex\latex\graphics\epsfig.sty
Package: epsfig 1999/02/16 v1.7a (e)psfig emulation (SPQR)

(d:\CTEX\MiKTeX\tex\latex\graphics\graphicx.sty
Package: graphicx 1999/02/16 v1.0f Enhanced LaTeX Graphics (DPC,SPQR)

(d:\CTEX\MiKTeX\tex\latex\graphics\keyval.sty
Package: keyval 1999/03/16 v1.13 key=value parser (DPC)
\KV@toks@=\toks14
)
(d:\CTEX\MiKTeX\tex\latex\graphics\graphics.sty
Package: graphics 2009/02/05 v1.0o Standard LaTeX Graphics (DPC,SPQR)

(d:\CTEX\MiKTeX\tex\latex\graphics\trig.sty
Package: trig 1999/03/16 v1.09 sin cos tan (DPC)
)
(d:\CTEX\MiKTeX\tex\latex\00miktex\graphics.cfg
File: graphics.cfg 2007/01/18 v1.5 graphics configuration of teTeX/TeXLive
)
Package graphics Info: Driver file: dvips.def on input line 91.

(d:\CTEX\MiKTeX\tex\latex\graphics\dvips.def
File: dvips.def 1999/02/16 v3.0i Driver-dependant file (DPC,SPQR)
))
\Gin@req@height=\dimen103
\Gin@req@width=\dimen104
)
\epsfxsize=\dimen105
\epsfysize=\dimen106
)
(E:\phd-macan\paper-atc12\url.sty
Package: url 1999/03/02  ver 1.4  Verb mode for urls, email addresses, and file
 names
)
(d:\CTEX\MiKTeX\tex\latex\multirow\multirow.sty
\bigstrutjot=\dimen107
)
(d:\CTEX\MiKTeX\tex\latex\graphics\color.sty
Package: color 2005/11/14 v1.0j Standard LaTeX Color (DPC)

(d:\CTEX\MiKTeX\tex\latex\00miktex\color.cfg
File: color.cfg 2007/01/18 v1.5 color configuration of teTeX/TeXLive
)
Package color Info: Driver file: dvipdfm.def on input line 130.

(d:\CTEX\MiKTeX\tex\latex\00miktex\dvipdfm.def
File: dvipdfm.def 1999/9/6 vx.x Driver-dependant file
)
(d:\CTEX\MiKTeX\tex\latex\graphics\dvipsnam.def
File: dvipsnam.def 1999/02/16 v3.0i Driver-dependant file (DPC,SPQR)
))
(E:\phd-macan\paper-atc12\pomegranate.aux)
LaTeX Font Info:    Checking defaults for OML/cmm/m/it on input line 15.
LaTeX Font Info:    ... okay on input line 15.
LaTeX Font Info:    Checking defaults for T1/cmr/m/n on input line 15.
LaTeX Font Info:    ... okay on input line 15.
LaTeX Font Info:    Checking defaults for OT1/cmr/m/n on input line 15.
LaTeX Font Info:    ... okay on input line 15.
LaTeX Font Info:    Checking defaults for OMS/cmsy/m/n on input line 15.
LaTeX Font Info:    ... okay on input line 15.
LaTeX Font Info:    Checking defaults for OMX/cmex/m/n on input line 15.
LaTeX Font Info:    ... okay on input line 15.
LaTeX Font Info:    Checking defaults for U/cmr/m/n on input line 15.
LaTeX Font Info:    ... okay on input line 15.
LaTeX Font Info:    Try loading font information for OT1+ptm on input line 15.

(d:\CTEX\MiKTeX\tex\latex\psnfss\ot1ptm.fd
File: ot1ptm.fd 2001/06/04 font definitions for OT1/ptm.
)
LaTeX Font Info:    Font shape `OT1/ptm/bx/n' in size <14.4> not available
(Font)              Font shape `OT1/ptm/b/n' tried instead on input line 41.
LaTeX Font Info:    External font `cmex10' loaded for size
(Font)              <12> on input line 41.
LaTeX Font Info:    External font `cmex10' loaded for size
(Font)              <8> on input line 41.
LaTeX Font Info:    External font `cmex10' loaded for size
(Font)              <6> on input line 41.
LaTeX Font Info:    Try loading font information for OT1+pcr on input line 41.

(d:\CTEX\MiKTeX\tex\latex\psnfss\ot1pcr.fd
File: ot1pcr.fd 2001/06/04 font definitions for OT1/pcr.
)
LaTeX Font Info:    External font `cmex10' loaded for size
(Font)              <7> on input line 41.
LaTeX Font Info:    External font `cmex10' loaded for size
(Font)              <5> on input line 41.
LaTeX Font Info:    Font shape `OT1/ptm/bx/n' in size <12> not available
(Font)              Font shape `OT1/ptm/b/n' tried instead on input line 43.
LaTeX Font Info:    Font shape `OT1/ptm/bx/n' in size <10> not available
(Font)              Font shape `OT1/ptm/b/n' tried instead on input line 56.

Underfull \vbox (badness 4569) has occurred while \output is active []

 [1


]
[2]
Underfull \hbox (badness 2326) in paragraph at lines 105--106
[]\OT1/ptm/m/n/10 Typically, cur-ren-t file sys-tem di-rec-to-ry is a plain
 []

File: directory_model.eps Graphic file (type eps)
<directory_model.eps>
Overfull \hbox (9.03375pt too wide) in paragraph at lines 109--110
[][][] 
 []

[3]
File: storage_engine_model.eps Graphic file (type eps)
 <storage_engine_model.eps>
Overfull \hbox (9.03375pt too wide) in paragraph at lines 133--134
[][][] 
 []

[4]
File: index_mapping.eps Graphic file (type eps)
 <index_mapping.eps>
Overfull \hbox (9.03375pt too wide) in paragraph at lines 158--159
[][][] 
 []

LaTeX Font Info:    External font `cmex10' loaded for size
(Font)              <9> on input line 159.
[5]
LaTeX Font Info:    Font shape `OT1/pcr/bx/n' in size <7> not available
(Font)              Font shape `OT1/pcr/b/n' tried instead on input line 178.
LaTeX Font Info:    Font shape `OT1/pcr/m/it' in size <7> not available
(Font)              Font shape `OT1/pcr/m/sl' tried instead on input line 181.

Overfull \hbox (1.11278pt too wide) in paragraph at lines 173--212
 [][][] 
 []

File: hvfs_architecture3.eps Graphic file (type eps)
<hvfs_architecture3.eps>
Overfull \hbox (9.03375pt too wide) in paragraph at lines 225--226
[][][] 
 []


Underfull \hbox (badness 10000) in paragraph at lines 225--226

 []

[6]
File: io_write_flow.eps Graphic file (type eps)
 <io_write_flow.eps>
Overfull \hbox (9.03375pt too wide) in paragraph at lines 257--258
[][][] 
 []


Underfull \hbox (badness 10000) in paragraph at lines 257--258

 []

[7]
File: eps/spacesavingx.eps Graphic file (type eps)
 <eps/spacesavingx.eps>
Overfull \hbox (9.03375pt too wide) in paragraph at lines 277--278
[][][] 
 []


Underfull \hbox (badness 10000) in paragraph at lines 277--278

 []

File: eps/gis.eps Graphic file (type eps)
<eps/gis.eps>
Overfull \hbox (9.03375pt too wide) in paragraph at lines 286--287
[][][] 
 []


Underfull \hbox (badness 10000) in paragraph at lines 286--287

 []

File: eps/ioscale.eps Graphic file (type eps)
<eps/ioscale.eps>
Underfull \hbox (badness 10000) in paragraph at lines 304--305

 []

File: eps/smallcreates.eps Graphic file (type eps)
<eps/smallcreates.eps>
Overfull \hbox (9.03375pt too wide) in paragraph at lines 314--315
[][][] 
 []


Underfull \hbox (badness 10000) in paragraph at lines 314--315

 []

[8]
File: eps/smallio.read.append.eps Graphic file (type eps)
 <eps/smallio.read.append.eps>
Overfull \hbox (9.03375pt too wide) in paragraph at lines 324--325
[][][] 
 []


Underfull \hbox (badness 10000) in paragraph at lines 324--325

 []

File: eps/spacesavingy.eps Graphic file (type eps)
<eps/spacesavingy.eps>
Overfull \hbox (9.03375pt too wide) in paragraph at lines 334--335
[][][] 
 []


Underfull \hbox (badness 10000) in paragraph at lines 334--335

 []

[9]
File: eps/xattr.eps Graphic file (type eps)
 <eps/xattr.eps>
Overfull \hbox (9.03375pt too wide) in paragraph at lines 345--346
[][][] 
 []


Underfull \hbox (badness 10000) in paragraph at lines 345--346

 []

File: eps/mdscale.eps Graphic file (type eps)
<eps/mdscale.eps>
Overfull \hbox (9.03375pt too wide) in paragraph at lines 359--360
[][][] 
 []


Underfull \hbox (badness 10000) in paragraph at lines 359--360

 []

[10]
File: eps/splits.eps Graphic file (type eps)
 <eps/splits.eps>
Underfull \hbox (badness 10000) in paragraph at lines 372--373

 []

File: eps/onlineoffline.eps Graphic file (type eps)
<eps/onlineoffline.eps>
Overfull \hbox (9.03375pt too wide) in paragraph at lines 384--385
[][][] 
 []


Underfull \hbox (badness 10000) in paragraph at lines 384--385

 []

File: eps/largeio.eps Graphic file (type eps)
<eps/largeio.eps>
Underfull \hbox (badness 10000) in paragraph at lines 394--395

 []

[11]
Underfull \hbox (badness 10000) in paragraph at lines 420--421
\OT1/pcr/m/n/10 / / rdc . taobao . com / blog / cs / ?p = 128$\OT1/ptm/m/n/10 ,

 []

Missing character: There is no ¨ in font ptmr7t!
Missing character: There is no ¦ in font ptmr7t!
[12]
Underfull \hbox (badness 10000) in paragraph at lines 461--462
\OT1/pcr/m/n/10 http : / / michail . flouris . net / 2008 /
 []

[13] (E:\phd-macan\paper-atc12\pomegranate.aux) ) 
Here is how much of TeX's memory you used:
 1127 strings out of 495363
 14674 string characters out of 3184047
 65964 words of memory out of 3000000
 4292 multiletter control sequences out of 15000+200000
 15198 words of font info for 44 fonts, out of 3000000 for 9000
 14 hyphenation exceptions out of 8191
 32i,10n,23p,1894b,371s stack positions out of 5000i,500n,10000p,200000b,50000s

Output written on pomegranate.dvi (13 pages, 91228 bytes).
